Build started 20/02/2017 12:39:11.
     1>Project "C:\Users\fmcfar200\Desktop\GitHub\GraphicsLab1\Lab1\Lab1.vcxproj" on node 2 (Build target(s)).
     1>ClCompile:
         C:\Program Files (x86)\Microsoft Visual Studio 12.0\VC\bin\CL.exe /c /ZI /nologo /W3 /WX- /sdl /Od /Oy- /D _MBCS /D _MBCS /D _CRT_SECURE_NO_WARNINGS /Gm /EHsc /RTC1 /MDd /GS /fp:precise /Zc:wchar_t /Zc:forScope /Fo"Debug\\" /Fd"Debug\vc120.pdb" /Gd /TP /analyze- /errorReport:prompt MainGame.cpp Mesh.cpp Shader.cpp main.cpp
         Shader.cpp
         Mesh.cpp
         MainGame.cpp
     1>c:\users\fmcfar200\desktop\github\graphicslab1\lab1\maingame.cpp(34): error C2668: 'Mesh::loadModel' : ambiguous call to overloaded function
                 c:\users\fmcfar200\desktop\github\graphicslab1\lab1\mesh.h(38): could be 'void Mesh::loadModel(const std::string)'
                 c:\users\fmcfar200\desktop\github\graphicslab1\lab1\mesh.h(35): or       'void Mesh::loadModel(const std::string &)'
                 while trying to match the argument list '(const char [63])'
     1>c:\users\fmcfar200\desktop\github\graphicslab1\lab1\maingame.cpp(72): warning C4129: 'D' : unrecognized character escape sequence
     1>c:\users\fmcfar200\desktop\github\graphicslab1\lab1\maingame.cpp(72): warning C4129: 'G' : unrecognized character escape sequence
     1>c:\users\fmcfar200\desktop\github\graphicslab1\lab1\maingame.cpp(73): warning C4129: 'D' : unrecognized character escape sequence
     1>c:\users\fmcfar200\desktop\github\graphicslab1\lab1\maingame.cpp(73): warning C4129: 'G' : unrecognized character escape sequence
         Generating Code...
         Compiling...
         main.cpp
         Generating Code...
     1>Done Building Project "C:\Users\fmcfar200\Desktop\GitHub\GraphicsLab1\Lab1\Lab1.vcxproj" (Build target(s)) -- FAILED.

Build FAILED.

Time Elapsed 00:00:03.66
